<?xml version="1.0" encoding="UTF-8"?>
<testsuite name="br.com.fecaf.back_end.BackEndApplicationTests" tests="1" skipped="0" failures="0" errors="0" timestamp="2025-07-17T20:03:37.032Z" hostname="DESKTOP-NI27E57" time="0.582">
  <properties/>
  <testcase name="contextLoads()" classname="br.com.fecaf.back_end.BackEndApplicationTests" time="0.582"/>
  <system-out><![CDATA[17:03:32.348 [Test worker] INFO org.springframework.test.context.support.AnnotationConfigContextLoaderUtils -- Could not detect default configuration classes for test class [br.com.fecaf.back_end.BackEndApplicationTests]: BackEndApplicationTests does not declare any static, non-private, non-final, nested classes annotated with @Configuration.
17:03:32.458 [Test worker] INFO org.springframework.boot.test.context.SpringBootTestContextBootstrapper -- Found @SpringBootConfiguration br.com.fecaf.back_end.App for test class br.com.fecaf.back_end.BackEndApplicationTests

  .   ____          _            __ _ _
 /\\ / ___'_ __ _ _(_)_ __  __ _ \ \ \ \
( ( )\___ | '_ | '_| | '_ \/ _` | \ \ \ \
 \\/  ___)| |_)| | | | | || (_| |  ) ) ) )
  '  |____| .__|_| |_|_| |_\__, | / / / /
 =========|_|==============|___/=/_/_/_/

 :: Spring Boot ::                (v3.5.0)

2025-07-17T17:03:32.965-03:00  INFO 17192 --- [back-end] [    Test worker] b.c.f.back_end.BackEndApplicationTests   : Starting BackEndApplicationTests using Java 24.0.1 with PID 17192 (started by paulo in C:\Users\paulo\Desktop\Faculdade\software engineer\portf-lio-softwareEngineer\back-end)
2025-07-17T17:03:32.967-03:00  INFO 17192 --- [back-end] [    Test worker] b.c.f.back_end.BackEndApplicationTests   : No active profile set, falling back to 1 default profile: "default"
2025-07-17T17:03:33.702-03:00  INFO 17192 --- [back-end] [    Test worker] .s.d.r.c.RepositoryConfigurationDelegate : Bootstrapping Spring Data JPA repositories in DEFAULT mode.
2025-07-17T17:03:33.763-03:00  INFO 17192 --- [back-end] [    Test worker] .s.d.r.c.RepositoryConfigurationDelegate : Finished Spring Data repository scanning in 48 ms. Found 1 JPA repository interface.
2025-07-17T17:03:34.215-03:00  INFO 17192 --- [back-end] [    Test worker] o.hibernate.jpa.internal.util.LogHelper  : HHH000204: Processing PersistenceUnitInfo [name: default]
2025-07-17T17:03:34.278-03:00  INFO 17192 --- [back-end] [    Test worker] org.hibernate.Version                    : HHH000412: Hibernate ORM core version 6.6.15.Final
2025-07-17T17:03:34.317-03:00  INFO 17192 --- [back-end] [    Test worker] o.h.c.internal.RegionFactoryInitiator    : HHH000026: Second-level cache disabled
2025-07-17T17:03:34.676-03:00  INFO 17192 --- [back-end] [    Test worker] o.s.o.j.p.SpringPersistenceUnitInfo      : No LoadTimeWeaver setup: ignoring JPA class transformer
2025-07-17T17:03:34.721-03:00  INFO 17192 --- [back-end] [    Test worker] com.zaxxer.hikari.HikariDataSource       : HikariPool-1 - Starting...
2025-07-17T17:03:35.345-03:00  INFO 17192 --- [back-end] [    Test worker] com.zaxxer.hikari.pool.HikariPool        : HikariPool-1 - Added connection com.mysql.cj.jdbc.ConnectionImpl@1ef93e01
2025-07-17T17:03:35.347-03:00  INFO 17192 --- [back-end] [    Test worker] com.zaxxer.hikari.HikariDataSource       : HikariPool-1 - Start completed.
2025-07-17T17:03:35.432-03:00  WARN 17192 --- [back-end] [    Test worker] org.hibernate.orm.deprecation            : HHH90000025: MySQL8Dialect does not need to be specified explicitly using 'hibernate.dialect' (remove the property setting and it will be selected by default)
2025-07-17T17:03:35.433-03:00  WARN 17192 --- [back-end] [    Test worker] org.hibernate.orm.deprecation            : HHH90000026: MySQL8Dialect has been deprecated; use org.hibernate.dialect.MySQLDialect instead
2025-07-17T17:03:35.450-03:00  INFO 17192 --- [back-end] [    Test worker] org.hibernate.orm.connections.pooling    : HHH10001005: Database info:
	Database JDBC URL [Connecting through datasource 'HikariDataSource (HikariPool-1)']
	Database driver: undefined/unknown
	Database version: 8.0
	Autocommit mode: undefined/unknown
	Isolation level: undefined/unknown
	Minimum pool size: undefined/unknown
	Maximum pool size: undefined/unknown
2025-07-17T17:03:36.183-03:00  INFO 17192 --- [back-end] [    Test worker] o.h.e.t.j.p.i.JtaPlatformInitiator       : HHH000489: No JTA platform available (set 'hibernate.transaction.jta.platform' to enable JTA platform integration)
2025-07-17T17:03:36.268-03:00  INFO 17192 --- [back-end] [    Test worker] j.LocalContainerEntityManagerFactoryBean : Initialized JPA EntityManagerFactory for persistence unit 'default'
2025-07-17T17:03:36.622-03:00  WARN 17192 --- [back-end] [    Test worker] JpaBaseConfiguration$JpaWebConfiguration : spring.jpa.open-in-view is enabled by default. Therefore, database queries may be performed during view rendering. Explicitly configure spring.jpa.open-in-view to disable this warning
2025-07-17T17:03:37.014-03:00  INFO 17192 --- [back-end] [    Test worker] b.c.f.back_end.BackEndApplicationTests   : Started BackEndApplicationTests in 4.386 seconds (process running for 5.594)
O servidor esta no ar!
]]></system-out>
  <system-err><![CDATA[Mockito is currently self-attaching to enable the inline-mock-maker. This will no longer work in future releases of the JDK. Please add Mockito as an agent to your build as described in Mockito's documentation: https://javadoc.io/doc/org.mockito/mockito-core/latest/org.mockito/org/mockito/Mockito.html#0.3
WARNING: A Java agent has been loaded dynamically (C:\Users\paulo\.gradle\caches\modules-2\files-2.1\net.bytebuddy\byte-buddy-agent\1.17.5\58f9507f5f28d1d3e7adfb4ec2fe37c29d332c9b\byte-buddy-agent-1.17.5.jar)
WARNING: If a serviceability tool is in use, please run with -XX:+EnableDynamicAgentLoading to hide this warning
WARNING: If a serviceability tool is not in use, please run with -Djdk.instrument.traceUsage for more information
WARNING: Dynamic loading of agents will be disallowed by default in a future release
]]></system-err>
</testsuite>
